. . . . . . . . . . . . . .
. C O M P U T E R . . . . .
. . . E . . . . . . . . . .
. . . M . . . . . . . L . .
. . . O . . . . . . . I . .
. . P R O G R A M M I N G .
. . . Y . . . . . . . U . .
. . . . . . . . . . . X . .
. . . . . . . . . . . . . .

~ ~ ~ ~ ~ ~ ~ ~ ~ ~ ~
~ P ~ ~ ~ ~ ~ ~ ~ ~ ~
~ A ~ ~ ~ ~ ~ ~ ~ ~ ~
~ R ~ ~ ~ ~ ~ ~ ~ ~ ~
~ S ~ ~ ~ ~ ~ ~ ~ ~ ~
~ E X E C U T I O N ~
~ R ~ ~ O ~ ~ ~ ~ ~ ~
~ ~ ~ ~ D ~ ~ ~ ~ ~ ~
~ ~ ~ ~ E ~ ~ ~ ~ ~ ~
~ ~ ~ ~ ~ ~ ~ ~ ~ ~ ~

= = = = = = = = = = = = = = = = = = = =
= C O M P U T E R = = = = = = = = = = =
= = = E = = = = = = = = = = = = = = = =
= = = M = = = = = = = L = = = = = = = =
= = = O = = = = = = = I = = = = = = = =
= = P R O G R A M M I N G = = = = = = =
= = = Y = = = = = = = U = = = = = = = =
= = = = = = = = = = E X E C U T I O N =
= = = = = = = = = = = = = O = = = = = =
= = = = = = = = = = = = = D = = = = = =
= = = = = = = = = = = = = E = = = = = =
= = = = = = = = = = = = = = = = = = = =

. . . . . . . . . . . . . . . . . . . .
. C O M P U T E R . . . . . . . . . . .
. . . E . . . . . . . . . . . . . . . .
. . . M . . . . . . . L . . . . . . . .
. . . O . . . . . . . I . . . . . . . .
. . P R O G R A M M I N G . . . . . . .
. . . Y . . . . . . . U . . . . . . . .
. . . . . . . . . . E X E C U T I O N .
. . . . . . . . . . . . . O . . . . . .
. . . . . . . . . . . . . D . . . . . .
. . . . . . . . . . . . . E . . . . . .
. . . . . . . . . . . . . . . . . . . .

. . . . .
. . . C .
. . . ? .
. . . ? .
. C ? ? .
. . . ? .
. . . . .
